<?xml version="1.0" encoding="UTF-8"?>
<!-- Generated by org.testng.reporters.JUnitXMLReporter -->
<testsuite hostname="shivprsi-w10" ignored="0" name="Tests" tests="6" failures="0" timestamp="25 Apr 2021 09:44:01 GMT" time="20.925" errors="0">
  <testcase name="testMandatoryFieldErrorMessage" time="3.77" classname="com.sample.test.demo.tests.DemoTest"/>
  <testcase name="testOrderCreation" time="1.399" classname="com.sample.test.demo.tests.DemoTest"/>
  <testcase name="testOrderCreation" time="1.31" classname="com.sample.test.demo.tests.DemoTest"/>
  <testcase name="testOrderCreation" time="2.3" classname="com.sample.test.demo.tests.DemoTest"/>
  <testcase name="testOrderCreation" time="1.763" classname="com.sample.test.demo.tests.DemoTest"/>
  <testcase name="testOrderCreation" time="2.532" classname="com.sample.test.demo.tests.DemoTest"/>
</testsuite> <!-- Tests -->
