<?xml version="1.0" encoding="UTF-8"?>
<testng-results skipped="0" failed="0" ignored="0" total="6" passed="6">
  <reporter-output>
  </reporter-output>
  <suite name="DemoProject" duration-ms="13960" started-at="2021-04-25T14:10:18Z" finished-at="2021-04-25T14:10:32Z">
    <groups>
    </groups>
    <test name="Tests" duration-ms="13960" started-at="2021-04-25T14:10:18Z" finished-at="2021-04-25T14:10:32Z">
      <class name="com.sample.test.demo.tests.DemoTest">
        <test-method status="PASS" signature="init()[pri:0, instance:com.sample.test.demo.tests.DemoTest@64bf3bbf]" name="init" is-config="true" duration-ms="4845" started-at="2021-04-25T14:10:18Z" finished-at="2021-04-25T14:10:23Z">
          <reporter-output>
          </reporter-output>
        </test-method> <!-- init -->
        <test-method status="PASS" signature="testMandatoryFieldErrorMessage()[pri:0, instance:com.sample.test.demo.tests.DemoTest@64bf3bbf]" name="testMandatoryFieldErrorMessage" duration-ms="3413" started-at="2021-04-25T14:10:23Z" finished-at="2021-04-25T14:10:26Z">
          <reporter-output>
          </reporter-output>
        </test-method> <!-- testMandatoryFieldErrorMessage -->
        <test-method status="PASS" signature="testOrderCreation(java.lang.String, double, java.lang.String, java.lang.String, java.lang.String)[pri:0, instance:com.sample.test.demo.tests.DemoTest@64bf3bbf]" name="testOrderCreation" duration-ms="876" started-at="2021-04-25T14:10:26Z" data-provider="getPizzaType" finished-at="2021-04-25T14:10:27Z">
          <params>
            <param index="0">
              <value>
                <![CDATA[Small 6 Slices - no toppings]]>
              </value>
            </param>
            <param index="1">
              <value>
                <![CDATA[6.75]]>
              </value>
            </param>
            <param index="2">
              <value>
                <![CDATA[]]>
              </value>
            </param>
            <param index="3">
              <value>
                <![CDATA[1]]>
              </value>
            </param>
            <param index="4">
              <value>
                <![CDATA[Credit Card]]>
              </value>
            </param>
          </params>
          <reporter-output>
          </reporter-output>
        </test-method> <!-- testOrderCreation -->
        <test-method status="PASS" signature="testOrderCreation(java.lang.String, double, java.lang.String, java.lang.String, java.lang.String)[pri:0, instance:com.sample.test.demo.tests.DemoTest@64bf3bbf]" name="testOrderCreation" duration-ms="1016" started-at="2021-04-25T14:10:27Z" data-provider="getPizzaType" finished-at="2021-04-25T14:10:28Z">
          <params>
            <param index="0">
              <value>
                <![CDATA[Small 6 Slices - 1 topping]]>
              </value>
            </param>
            <param index="1">
              <value>
                <![CDATA[7.5]]>
              </value>
            </param>
            <param index="2">
              <value>
                <![CDATA[MANGOS]]>
              </value>
            </param>
            <param index="3">
              <value>
                <![CDATA[2]]>
              </value>
            </param>
            <param index="4">
              <value>
                <![CDATA[Cash]]>
              </value>
            </param>
          </params>
          <reporter-output>
          </reporter-output>
        </test-method> <!-- testOrderCreation -->
        <test-method status="PASS" signature="testOrderCreation(java.lang.String, double, java.lang.String, java.lang.String, java.lang.String)[pri:0, instance:com.sample.test.demo.tests.DemoTest@64bf3bbf]" name="testOrderCreation" duration-ms="1151" started-at="2021-04-25T14:10:28Z" data-provider="getPizzaType" finished-at="2021-04-25T14:10:29Z">
          <params>
            <param index="0">
              <value>
                <![CDATA[Medium 8 Slices - 2 toppings]]>
              </value>
            </param>
            <param index="1">
              <value>
                <![CDATA[9.75]]>
              </value>
            </param>
            <param index="2">
              <value>
                <![CDATA[MANGOS,OLIVES]]>
              </value>
            </param>
            <param index="3">
              <value>
                <![CDATA[3]]>
              </value>
            </param>
            <param index="4">
              <value>
                <![CDATA[Credit Card]]>
              </value>
            </param>
          </params>
          <reporter-output>
          </reporter-output>
        </test-method> <!-- testOrderCreation -->
        <test-method status="PASS" signature="testOrderCreation(java.lang.String, double, java.lang.String, java.lang.String, java.lang.String)[pri:0, instance:com.sample.test.demo.tests.DemoTest@64bf3bbf]" name="testOrderCreation" duration-ms="842" started-at="2021-04-25T14:10:29Z" data-provider="getPizzaType" finished-at="2021-04-25T14:10:30Z">
          <params>
            <param index="0">
              <value>
                <![CDATA[Large 10 Slices - no toppings]]>
              </value>
            </param>
            <param index="1">
              <value>
                <![CDATA[11.75]]>
              </value>
            </param>
            <param index="2">
              <value>
                <![CDATA[]]>
              </value>
            </param>
            <param index="3">
              <value>
                <![CDATA[4]]>
              </value>
            </param>
            <param index="4">
              <value>
                <![CDATA[Cash]]>
              </value>
            </param>
          </params>
          <reporter-output>
          </reporter-output>
        </test-method> <!-- testOrderCreation -->
        <test-method status="PASS" signature="testOrderCreation(java.lang.String, double, java.lang.String, java.lang.String, java.lang.String)[pri:0, instance:com.sample.test.demo.tests.DemoTest@64bf3bbf]" name="testOrderCreation" duration-ms="1135" started-at="2021-04-25T14:10:30Z" data-provider="getPizzaType" finished-at="2021-04-25T14:10:31Z">
          <params>
            <param index="0">
              <value>
                <![CDATA[Large 10 Slices - 2 toppings]]>
              </value>
            </param>
            <param index="1">
              <value>
                <![CDATA[13.5]]>
              </value>
            </param>
            <param index="2">
              <value>
                <![CDATA[OLIVES,MUSHROOMS]]>
              </value>
            </param>
            <param index="3">
              <value>
                <![CDATA[5]]>
              </value>
            </param>
            <param index="4">
              <value>
                <![CDATA[Credit Card]]>
              </value>
            </param>
          </params>
          <reporter-output>
          </reporter-output>
        </test-method> <!-- testOrderCreation -->
        <test-method status="PASS" signature="tearDown()[pri:0, instance:com.sample.test.demo.tests.DemoTest@64bf3bbf]" name="tearDown" is-config="true" duration-ms="657" started-at="2021-04-25T14:10:31Z" finished-at="2021-04-25T14:10:32Z">
          <reporter-output>
          </reporter-output>
        </test-method> <!-- tearDown -->
      </class> <!-- com.sample.test.demo.tests.DemoTest -->
    </test> <!-- Tests -->
  </suite> <!-- DemoProject -->
</testng-results>
